D:\dev\web-projects\JoditEditorNetCore\JoditEditorNetCore\wwwroot\lib\jodit-3.3.8\src\modules\helpers\checker\isJoditObject.js
D:\dev\web-projects\JoditEditorNetCore\JoditEditorNetCore\wwwroot\lib\jodit-3.3.8\src\modules\helpers\checker\isJoditObject.js.map
D:\dev\web-projects\JoditEditorNetCore\JoditEditorNetCore\wwwroot\lib\jodit-3.3.8\src\modules\Component.js
D:\dev\web-projects\JoditEditorNetCore\JoditEditorNetCore\wwwroot\lib\jodit-3.3.8\src\modules\Component.js.map
D:\dev\web-projects\JoditEditorNetCore\JoditEditorNetCore\wwwroot\lib\jodit-3.3.8\src\modules\helpers\async\setTimeout.js
D:\dev\web-projects\JoditEditorNetCore\JoditEditorNetCore\wwwroot\lib\jodit-3.3.8\src\modules\helpers\async\setTimeout.js.map
D:\dev\web-projects\JoditEditorNetCore\JoditEditorNetCore\wwwroot\lib\jodit-3.3.8\src\modules\helpers\async\debounce.js
D:\dev\web-projects\JoditEditorNetCore\JoditEditorNetCore\wwwroot\lib\jodit-3.3.8\src\modules\helpers\async\debounce.js.map
D:\dev\web-projects\JoditEditorNetCore\JoditEditorNetCore\wwwroot\lib\jodit-3.3.8\src\modules\helpers\async\throttle.js
D:\dev\web-projects\JoditEditorNetCore\JoditEditorNetCore\wwwroot\lib\jodit-3.3.8\src\modules\helpers\async\throttle.js.map
D:\dev\web-projects\JoditEditorNetCore\JoditEditorNetCore\wwwroot\lib\jodit-3.3.8\src\modules\helpers\async\index.js
D:\dev\web-projects\JoditEditorNetCore\JoditEditorNetCore\wwwroot\lib\jodit-3.3.8\src\modules\helpers\async\index.js.map
D:\dev\web-projects\JoditEditorNetCore\JoditEditorNetCore\wwwroot\lib\jodit-3.3.8\src\modules\helpers\array\asArray.js
D:\dev\web-projects\JoditEditorNetCore\JoditEditorNetCore\wwwroot\lib\jodit-3.3.8\src\modules\helpers\array\asArray.js.map
D:\dev\web-projects\JoditEditorNetCore\JoditEditorNetCore\wwwroot\lib\jodit-3.3.8\src\modules\helpers\array\inArray.js
D:\dev\web-projects\JoditEditorNetCore\JoditEditorNetCore\wwwroot\lib\jodit-3.3.8\src\modules\helpers\array\inArray.js.map
D:\dev\web-projects\JoditEditorNetCore\JoditEditorNetCore\wwwroot\lib\jodit-3.3.8\src\modules\helpers\array\splitArray.js
D:\dev\web-projects\JoditEditorNetCore\JoditEditorNetCore\wwwroot\lib\jodit-3.3.8\src\modules\helpers\array\splitArray.js.map
D:\dev\web-projects\JoditEditorNetCore\JoditEditorNetCore\wwwroot\lib\jodit-3.3.8\src\modules\helpers\array\index.js
D:\dev\web-projects\JoditEditorNetCore\JoditEditorNetCore\wwwroot\lib\jodit-3.3.8\src\modules\helpers\array\index.js.map
D:\dev\web-projects\JoditEditorNetCore\JoditEditorNetCore\wwwroot\lib\jodit-3.3.8\src\modules\helpers\JoditObject.js
D:\dev\web-projects\JoditEditorNetCore\JoditEditorNetCore\wwwroot\lib\jodit-3.3.8\src\modules\helpers\JoditObject.js.map
D:\dev\web-projects\JoditEditorNetCore\JoditEditorNetCore\wwwroot\lib\jodit-3.3.8\src\modules\helpers\JoditArray.js
D:\dev\web-projects\JoditEditorNetCore\JoditEditorNetCore\wwwroot\lib\jodit-3.3.8\src\modules\helpers\JoditArray.js.map
D:\dev\web-projects\JoditEditorNetCore\JoditEditorNetCore\wwwroot\lib\jodit-3.3.8\src\modules\helpers\type.js
D:\dev\web-projects\JoditEditorNetCore\JoditEditorNetCore\wwwroot\lib\jodit-3.3.8\src\modules\helpers\type.js.map
D:\dev\web-projects\JoditEditorNetCore\JoditEditorNetCore\wwwroot\lib\jodit-3.3.8\src\modules\helpers\checker\isWindow.js
D:\dev\web-projects\JoditEditorNetCore\JoditEditorNetCore\wwwroot\lib\jodit-3.3.8\src\modules\helpers\checker\isWindow.js.map
D:\dev\web-projects\JoditEditorNetCore\JoditEditorNetCore\wwwroot\lib\jodit-3.3.8\src\modules\helpers\checker\isPlainObject.js
D:\dev\web-projects\JoditEditorNetCore\JoditEditorNetCore\wwwroot\lib\jodit-3.3.8\src\modules\helpers\checker\isPlainObject.js.map
D:\dev\web-projects\JoditEditorNetCore\JoditEditorNetCore\wwwroot\lib\jodit-3.3.8\src\modules\helpers\extend.js
D:\dev\web-projects\JoditEditorNetCore\JoditEditorNetCore\wwwroot\lib\jodit-3.3.8\src\modules\helpers\extend.js.map
D:\dev\web-projects\JoditEditorNetCore\JoditEditorNetCore\wwwroot\lib\jodit-3.3.8\src\modules\helpers\checker\hasBrowserColorPicker.js
D:\dev\web-projects\JoditEditorNetCore\JoditEditorNetCore\wwwroot\lib\jodit-3.3.8\src\modules\helpers\checker\hasBrowserColorPicker.js.map
D:\dev\web-projects\JoditEditorNetCore\JoditEditorNetCore\wwwroot\lib\jodit-3.3.8\src\modules\helpers\checker\isFunction.js
D:\dev\web-projects\JoditEditorNetCore\JoditEditorNetCore\wwwroot\lib\jodit-3.3.8\src\modules\helpers\checker\isFunction.js.map
D:\dev\web-projects\JoditEditorNetCore\JoditEditorNetCore\wwwroot\lib\jodit-3.3.8\src\modules\helpers\checker\isHTML.js
D:\dev\web-projects\JoditEditorNetCore\JoditEditorNetCore\wwwroot\lib\jodit-3.3.8\src\modules\helpers\checker\isHTML.js.map
D:\dev\web-projects\JoditEditorNetCore\JoditEditorNetCore\wwwroot\lib\jodit-3.3.8\src\modules\helpers\checker\isHTMLFromWord.js
D:\dev\web-projects\JoditEditorNetCore\JoditEditorNetCore\wwwroot\lib\jodit-3.3.8\src\modules\helpers\checker\isHTMLFromWord.js.map
D:\dev\web-projects\JoditEditorNetCore\JoditEditorNetCore\wwwroot\lib\jodit-3.3.8\src\modules\helpers\checker\isInitable.js
D:\dev\web-projects\JoditEditorNetCore\JoditEditorNetCore\wwwroot\lib\jodit-3.3.8\src\modules\helpers\checker\isInitable.js.map
D:\dev\web-projects\JoditEditorNetCore\JoditEditorNetCore\wwwroot\lib\jodit-3.3.8\src\modules\helpers\checker\isNumeric.js
D:\dev\web-projects\JoditEditorNetCore\JoditEditorNetCore\wwwroot\lib\jodit-3.3.8\src\modules\helpers\checker\isNumeric.js.map
D:\dev\web-projects\JoditEditorNetCore\JoditEditorNetCore\wwwroot\lib\jodit-3.3.8\src\modules\helpers\checker\isInt.js
D:\dev\web-projects\JoditEditorNetCore\JoditEditorNetCore\wwwroot\lib\jodit-3.3.8\src\modules\helpers\checker\isInt.js.map
D:\dev\web-projects\JoditEditorNetCore\JoditEditorNetCore\wwwroot\lib\jodit-3.3.8\src\modules\helpers\checker\isLicense.js
D:\dev\web-projects\JoditEditorNetCore\JoditEditorNetCore\wwwroot\lib\jodit-3.3.8\src\modules\helpers\checker\isLicense.js.map
D:\dev\web-projects\JoditEditorNetCore\JoditEditorNetCore\wwwroot\lib\jodit-3.3.8\src\modules\helpers\checker\isString.js
D:\dev\web-projects\JoditEditorNetCore\JoditEditorNetCore\wwwroot\lib\jodit-3.3.8\src\modules\helpers\checker\isString.js.map
D:\dev\web-projects\JoditEditorNetCore\JoditEditorNetCore\wwwroot\lib\jodit-3.3.8\src\modules\helpers\checker\isURL.js
D:\dev\web-projects\JoditEditorNetCore\JoditEditorNetCore\wwwroot\lib\jodit-3.3.8\src\modules\helpers\checker\isURL.js.map
D:\dev\web-projects\JoditEditorNetCore\JoditEditorNetCore\wwwroot\lib\jodit-3.3.8\src\modules\helpers\checker\isValidName.js
D:\dev\web-projects\JoditEditorNetCore\JoditEditorNetCore\wwwroot\lib\jodit-3.3.8\src\modules\helpers\checker\isValidName.js.map
D:\dev\web-projects\JoditEditorNetCore\JoditEditorNetCore\wwwroot\lib\jodit-3.3.8\src\modules\helpers\checker\index.js
D:\dev\web-projects\JoditEditorNetCore\JoditEditorNetCore\wwwroot\lib\jodit-3.3.8\src\modules\helpers\checker\index.js.map
D:\dev\web-projects\JoditEditorNetCore\JoditEditorNetCore\wwwroot\lib\jodit-3.3.8\src\modules\helpers\color\hexToRgb.js
D:\dev\web-projects\JoditEditorNetCore\JoditEditorNetCore\wwwroot\lib\jodit-3.3.8\src\modules\helpers\color\hexToRgb.js.map
D:\dev\web-projects\JoditEditorNetCore\JoditEditorNetCore\wwwroot\lib\jodit-3.3.8\src\modules\helpers\color\colorToHex.js
D:\dev\web-projects\JoditEditorNetCore\JoditEditorNetCore\wwwroot\lib\jodit-3.3.8\src\modules\helpers\color\colorToHex.js.map
D:\dev\web-projects\JoditEditorNetCore\JoditEditorNetCore\wwwroot\lib\jodit-3.3.8\src\modules\helpers\color\index.js
D:\dev\web-projects\JoditEditorNetCore\JoditEditorNetCore\wwwroot\lib\jodit-3.3.8\src\modules\helpers\color\index.js.map
D:\dev\web-projects\JoditEditorNetCore\JoditEditorNetCore\wwwroot\lib\jodit-3.3.8\src\modules\helpers\selector.js
D:\dev\web-projects\JoditEditorNetCore\JoditEditorNetCore\wwwroot\lib\jodit-3.3.8\src\modules\helpers\selector.js.map
D:\dev\web-projects\JoditEditorNetCore\JoditEditorNetCore\wwwroot\lib\jodit-3.3.8\src\modules\helpers\html\applyStyles.js
D:\dev\web-projects\JoditEditorNetCore\JoditEditorNetCore\wwwroot\lib\jodit-3.3.8\src\modules\helpers\html\applyStyles.js.map
D:\dev\web-projects\JoditEditorNetCore\JoditEditorNetCore\wwwroot\lib\jodit-3.3.8\src\modules\helpers\string\camelCase.js
D:\dev\web-projects\JoditEditorNetCore\JoditEditorNetCore\wwwroot\lib\jodit-3.3.8\src\modules\helpers\string\camelCase.js.map
D:\dev\web-projects\JoditEditorNetCore\JoditEditorNetCore\wwwroot\lib\jodit-3.3.8\src\modules\helpers\string\fromCamelCase.js
D:\dev\web-projects\JoditEditorNetCore\JoditEditorNetCore\wwwroot\lib\jodit-3.3.8\src\modules\helpers\string\fromCamelCase.js.map
D:\dev\web-projects\JoditEditorNetCore\JoditEditorNetCore\wwwroot\lib\jodit-3.3.8\src\modules\helpers\string\trim.js
D:\dev\web-projects\JoditEditorNetCore\JoditEditorNetCore\wwwroot\lib\jodit-3.3.8\src\modules\helpers\string\trim.js.map
D:\dev\web-projects\JoditEditorNetCore\JoditEditorNetCore\wwwroot\lib\jodit-3.3.8\src\modules\helpers\string\ucfirst.js
D:\dev\web-projects\JoditEditorNetCore\JoditEditorNetCore\wwwroot\lib\jodit-3.3.8\src\modules\helpers\string\ucfirst.js.map
D:\dev\web-projects\JoditEditorNetCore\JoditEditorNetCore\wwwroot\lib\jodit-3.3.8\src\modules\helpers\defaultLanguage.js
D:\dev\web-projects\JoditEditorNetCore\JoditEditorNetCore\wwwroot\lib\jodit-3.3.8\src\modules\helpers\defaultLanguage.js.map
D:\dev\web-projects\JoditEditorNetCore\JoditEditorNetCore\wwwroot\lib\jodit-3.3.8\src\modules\helpers\string\i18n.js
D:\dev\web-projects\JoditEditorNetCore\JoditEditorNetCore\wwwroot\lib\jodit-3.3.8\src\modules\helpers\string\i18n.js.map
D:\dev\web-projects\JoditEditorNetCore\JoditEditorNetCore\wwwroot\lib\jodit-3.3.8\src\modules\helpers\string\index.js
D:\dev\web-projects\JoditEditorNetCore\JoditEditorNetCore\wwwroot\lib\jodit-3.3.8\src\modules\helpers\string\index.js.map
D:\dev\web-projects\JoditEditorNetCore\JoditEditorNetCore\wwwroot\lib\jodit-3.3.8\src\modules\helpers\html\cleanFromWord.js
D:\dev\web-projects\JoditEditorNetCore\JoditEditorNetCore\wwwroot\lib\jodit-3.3.8\src\modules\helpers\html\cleanFromWord.js.map
D:\dev\web-projects\JoditEditorNetCore\JoditEditorNetCore\wwwroot\lib\jodit-3.3.8\src\modules\helpers\html\clear.js
D:\dev\web-projects\JoditEditorNetCore\JoditEditorNetCore\wwwroot\lib\jodit-3.3.8\src\modules\helpers\html\clear.js.map
D:\dev\web-projects\JoditEditorNetCore\JoditEditorNetCore\wwwroot\lib\jodit-3.3.8\src\modules\helpers\html\htmlspecialchars.js
D:\dev\web-projects\JoditEditorNetCore\JoditEditorNetCore\wwwroot\lib\jodit-3.3.8\src\modules\helpers\html\htmlspecialchars.js.map
D:\dev\web-projects\JoditEditorNetCore\JoditEditorNetCore\wwwroot\lib\jodit-3.3.8\src\modules\helpers\html\stripTags.js
D:\dev\web-projects\JoditEditorNetCore\JoditEditorNetCore\wwwroot\lib\jodit-3.3.8\src\modules\helpers\html\stripTags.js.map
D:\dev\web-projects\JoditEditorNetCore\JoditEditorNetCore\wwwroot\lib\jodit-3.3.8\src\modules\helpers\html\index.js
D:\dev\web-projects\JoditEditorNetCore\JoditEditorNetCore\wwwroot\lib\jodit-3.3.8\src\modules\helpers\html\index.js.map
D:\dev\web-projects\JoditEditorNetCore\JoditEditorNetCore\wwwroot\lib\jodit-3.3.8\src\modules\helpers\normalize\normalizeKeyAliases.js
D:\dev\web-projects\JoditEditorNetCore\JoditEditorNetCore\wwwroot\lib\jodit-3.3.8\src\modules\helpers\normalize\normalizeKeyAliases.js.map
D:\dev\web-projects\JoditEditorNetCore\JoditEditorNetCore\wwwroot\lib\jodit-3.3.8\src\modules\helpers\normalize\normalizeLicense.js
D:\dev\web-projects\JoditEditorNetCore\JoditEditorNetCore\wwwroot\lib\jodit-3.3.8\src\modules\helpers\normalize\normalizeLicense.js.map
D:\dev\web-projects\JoditEditorNetCore\JoditEditorNetCore\wwwroot\lib\jodit-3.3.8\src\modules\helpers\normalize\normalizeNode.js
D:\dev\web-projects\JoditEditorNetCore\JoditEditorNetCore\wwwroot\lib\jodit-3.3.8\src\modules\helpers\normalize\normalizeNode.js.map
D:\dev\web-projects\JoditEditorNetCore\JoditEditorNetCore\wwwroot\lib\jodit-3.3.8\src\modules\helpers\normalize\normalizePath.js
D:\dev\web-projects\JoditEditorNetCore\JoditEditorNetCore\wwwroot\lib\jodit-3.3.8\src\modules\helpers\normalize\normalizePath.js.map
D:\dev\web-projects\JoditEditorNetCore\JoditEditorNetCore\wwwroot\lib\jodit-3.3.8\src\modules\helpers\normalize\normalizeRelativePath.js
D:\dev\web-projects\JoditEditorNetCore\JoditEditorNetCore\wwwroot\lib\jodit-3.3.8\src\modules\helpers\normalize\normalizeRelativePath.js.map
D:\dev\web-projects\JoditEditorNetCore\JoditEditorNetCore\wwwroot\lib\jodit-3.3.8\src\modules\helpers\normalize\normalizeSize.js
D:\dev\web-projects\JoditEditorNetCore\JoditEditorNetCore\wwwroot\lib\jodit-3.3.8\src\modules\helpers\normalize\normalizeSize.js.map
D:\dev\web-projects\JoditEditorNetCore\JoditEditorNetCore\wwwroot\lib\jodit-3.3.8\src\modules\helpers\normalize\normalizeURL.js
D:\dev\web-projects\JoditEditorNetCore\JoditEditorNetCore\wwwroot\lib\jodit-3.3.8\src\modules\helpers\normalize\normalizeURL.js.map
D:\dev\web-projects\JoditEditorNetCore\JoditEditorNetCore\wwwroot\lib\jodit-3.3.8\src\modules\helpers\normalize\normilizeCSSValue.js
D:\dev\web-projects\JoditEditorNetCore\JoditEditorNetCore\wwwroot\lib\jodit-3.3.8\src\modules\helpers\normalize\normilizeCSSValue.js.map
D:\dev\web-projects\JoditEditorNetCore\JoditEditorNetCore\wwwroot\lib\jodit-3.3.8\src\modules\helpers\normalize\normalizeColor.js
D:\dev\web-projects\JoditEditorNetCore\JoditEditorNetCore\wwwroot\lib\jodit-3.3.8\src\modules\helpers\normalize\normalizeColor.js.map
D:\dev\web-projects\JoditEditorNetCore\JoditEditorNetCore\wwwroot\lib\jodit-3.3.8\src\modules\helpers\normalize\index.js
D:\dev\web-projects\JoditEditorNetCore\JoditEditorNetCore\wwwroot\lib\jodit-3.3.8\src\modules\helpers\normalize\index.js.map
D:\dev\web-projects\JoditEditorNetCore\JoditEditorNetCore\wwwroot\lib\jodit-3.3.8\src\modules\helpers\size\getContentWidth.js
D:\dev\web-projects\JoditEditorNetCore\JoditEditorNetCore\wwwroot\lib\jodit-3.3.8\src\modules\helpers\size\getContentWidth.js.map
D:\dev\web-projects\JoditEditorNetCore\JoditEditorNetCore\wwwroot\lib\jodit-3.3.8\src\modules\helpers\size\innerWidth.js
D:\dev\web-projects\JoditEditorNetCore\JoditEditorNetCore\wwwroot\lib\jodit-3.3.8\src\modules\helpers\size\innerWidth.js.map
D:\dev\web-projects\JoditEditorNetCore\JoditEditorNetCore\wwwroot\lib\jodit-3.3.8\src\modules\helpers\size\offset.js
D:\dev\web-projects\JoditEditorNetCore\JoditEditorNetCore\wwwroot\lib\jodit-3.3.8\src\modules\helpers\size\offset.js.map
D:\dev\web-projects\JoditEditorNetCore\JoditEditorNetCore\wwwroot\lib\jodit-3.3.8\src\modules\helpers\size\index.js
D:\dev\web-projects\JoditEditorNetCore\JoditEditorNetCore\wwwroot\lib\jodit-3.3.8\src\modules\helpers\size\index.js.map
D:\dev\web-projects\JoditEditorNetCore\JoditEditorNetCore\wwwroot\lib\jodit-3.3.8\src\modules\helpers\completeUrl.js
D:\dev\web-projects\JoditEditorNetCore\JoditEditorNetCore\wwwroot\lib\jodit-3.3.8\src\modules\helpers\completeUrl.js.map
D:\dev\web-projects\JoditEditorNetCore\JoditEditorNetCore\wwwroot\lib\jodit-3.3.8\src\modules\helpers\appendScript.js
D:\dev\web-projects\JoditEditorNetCore\JoditEditorNetCore\wwwroot\lib\jodit-3.3.8\src\modules\helpers\appendScript.js.map
D:\dev\web-projects\JoditEditorNetCore\JoditEditorNetCore\wwwroot\lib\jodit-3.3.8\src\modules\helpers\browser.js
D:\dev\web-projects\JoditEditorNetCore\JoditEditorNetCore\wwwroot\lib\jodit-3.3.8\src\modules\helpers\browser.js.map
D:\dev\web-projects\JoditEditorNetCore\JoditEditorNetCore\wwwroot\lib\jodit-3.3.8\src\modules\helpers\parseQuery.js
D:\dev\web-projects\JoditEditorNetCore\JoditEditorNetCore\wwwroot\lib\jodit-3.3.8\src\modules\helpers\parseQuery.js.map
D:\dev\web-projects\JoditEditorNetCore\JoditEditorNetCore\wwwroot\lib\jodit-3.3.8\src\modules\helpers\convertMediaURLToVideoEmbed.js
D:\dev\web-projects\JoditEditorNetCore\JoditEditorNetCore\wwwroot\lib\jodit-3.3.8\src\modules\helpers\convertMediaURLToVideoEmbed.js.map
D:\dev\web-projects\JoditEditorNetCore\JoditEditorNetCore\wwwroot\lib\jodit-3.3.8\src\modules\helpers\css.js
D:\dev\web-projects\JoditEditorNetCore\JoditEditorNetCore\wwwroot\lib\jodit-3.3.8\src\modules\helpers\css.js.map
D:\dev\web-projects\JoditEditorNetCore\JoditEditorNetCore\wwwroot\lib\jodit-3.3.8\src\modules\helpers\ctrlKey.js
D:\dev\web-projects\JoditEditorNetCore\JoditEditorNetCore\wwwroot\lib\jodit-3.3.8\src\modules\helpers\ctrlKey.js.map
D:\dev\web-projects\JoditEditorNetCore\JoditEditorNetCore\wwwroot\lib\jodit-3.3.8\src\modules\helpers\dataBind.js
D:\dev\web-projects\JoditEditorNetCore\JoditEditorNetCore\wwwroot\lib\jodit-3.3.8\src\modules\helpers\dataBind.js.map
D:\dev\web-projects\JoditEditorNetCore\JoditEditorNetCore\wwwroot\lib\jodit-3.3.8\src\modules\helpers\each.js
D:\dev\web-projects\JoditEditorNetCore\JoditEditorNetCore\wwwroot\lib\jodit-3.3.8\src\modules\helpers\each.js.map
D:\dev\web-projects\JoditEditorNetCore\JoditEditorNetCore\wwwroot\lib\jodit-3.3.8\src\modules\helpers\humanSizeToBytes.js
D:\dev\web-projects\JoditEditorNetCore\JoditEditorNetCore\wwwroot\lib\jodit-3.3.8\src\modules\helpers\humanSizeToBytes.js.map
D:\dev\web-projects\JoditEditorNetCore\JoditEditorNetCore\wwwroot\lib\jodit-3.3.8\src\modules\helpers\buildQuery.js
D:\dev\web-projects\JoditEditorNetCore\JoditEditorNetCore\wwwroot\lib\jodit-3.3.8\src\modules\helpers\buildQuery.js.map
D:\dev\web-projects\JoditEditorNetCore\JoditEditorNetCore\wwwroot\lib\jodit-3.3.8\src\modules\helpers\scrollIntoView.js
D:\dev\web-projects\JoditEditorNetCore\JoditEditorNetCore\wwwroot\lib\jodit-3.3.8\src\modules\helpers\scrollIntoView.js.map
D:\dev\web-projects\JoditEditorNetCore\JoditEditorNetCore\wwwroot\lib\jodit-3.3.8\src\modules\helpers\val.js
D:\dev\web-projects\JoditEditorNetCore\JoditEditorNetCore\wwwroot\lib\jodit-3.3.8\src\modules\helpers\val.js.map
D:\dev\web-projects\JoditEditorNetCore\JoditEditorNetCore\wwwroot\lib\jodit-3.3.8\src\modules\helpers\index.js
D:\dev\web-projects\JoditEditorNetCore\JoditEditorNetCore\wwwroot\lib\jodit-3.3.8\src\modules\helpers\index.js.map
D:\dev\web-projects\JoditEditorNetCore\JoditEditorNetCore\wwwroot\lib\jodit-3.3.8\src\modules\Dom.js
D:\dev\web-projects\JoditEditorNetCore\JoditEditorNetCore\wwwroot\lib\jodit-3.3.8\src\modules\Dom.js.map
D:\dev\web-projects\JoditEditorNetCore\JoditEditorNetCore\wwwroot\lib\jodit-3.3.8\src\modules\Snapshot.js
D:\dev\web-projects\JoditEditorNetCore\JoditEditorNetCore\wwwroot\lib\jodit-3.3.8\src\modules\Snapshot.js.map
D:\dev\web-projects\JoditEditorNetCore\JoditEditorNetCore\wwwroot\lib\jodit-3.3.8\src\modules\observer\command.js
D:\dev\web-projects\JoditEditorNetCore\JoditEditorNetCore\wwwroot\lib\jodit-3.3.8\src\modules\observer\command.js.map
D:\dev\web-projects\JoditEditorNetCore\JoditEditorNetCore\wwwroot\lib\jodit-3.3.8\src\modules\Stack.js
D:\dev\web-projects\JoditEditorNetCore\JoditEditorNetCore\wwwroot\lib\jodit-3.3.8\src\modules\Stack.js.map
D:\dev\web-projects\JoditEditorNetCore\JoditEditorNetCore\wwwroot\lib\jodit-3.3.8\src\modules\observer\observer.js
D:\dev\web-projects\JoditEditorNetCore\JoditEditorNetCore\wwwroot\lib\jodit-3.3.8\src\modules\observer\observer.js.map
D:\dev\web-projects\JoditEditorNetCore\JoditEditorNetCore\wwwroot\lib\jodit-3.3.8\src\modules\Selection.js
D:\dev\web-projects\JoditEditorNetCore\JoditEditorNetCore\wwwroot\lib\jodit-3.3.8\src\modules\Selection.js.map
D:\dev\web-projects\JoditEditorNetCore\JoditEditorNetCore\wwwroot\lib\jodit-3.3.8\src\modules\events\store.js
D:\dev\web-projects\JoditEditorNetCore\JoditEditorNetCore\wwwroot\lib\jodit-3.3.8\src\modules\events\store.js.map
D:\dev\web-projects\JoditEditorNetCore\JoditEditorNetCore\wwwroot\lib\jodit-3.3.8\src\modules\events\eventsNative.js
D:\dev\web-projects\JoditEditorNetCore\JoditEditorNetCore\wwwroot\lib\jodit-3.3.8\src\modules\events\eventsNative.js.map
D:\dev\web-projects\JoditEditorNetCore\JoditEditorNetCore\wwwroot\lib\jodit-3.3.8\src\modules\Create.js
D:\dev\web-projects\JoditEditorNetCore\JoditEditorNetCore\wwwroot\lib\jodit-3.3.8\src\modules\Create.js.map
D:\dev\web-projects\JoditEditorNetCore\JoditEditorNetCore\wwwroot\lib\jodit-3.3.8\src\modules\view\panel.js
D:\dev\web-projects\JoditEditorNetCore\JoditEditorNetCore\wwwroot\lib\jodit-3.3.8\src\modules\view\panel.js.map
D:\dev\web-projects\JoditEditorNetCore\JoditEditorNetCore\wwwroot\lib\jodit-3.3.8\src\modules\storage\memoryStorageProvider.js
D:\dev\web-projects\JoditEditorNetCore\JoditEditorNetCore\wwwroot\lib\jodit-3.3.8\src\modules\storage\memoryStorageProvider.js.map
D:\dev\web-projects\JoditEditorNetCore\JoditEditorNetCore\wwwroot\lib\jodit-3.3.8\src\modules\storage\localStorageProvider.js
D:\dev\web-projects\JoditEditorNetCore\JoditEditorNetCore\wwwroot\lib\jodit-3.3.8\src\modules\storage\localStorageProvider.js.map
D:\dev\web-projects\JoditEditorNetCore\JoditEditorNetCore\wwwroot\lib\jodit-3.3.8\src\modules\storage\storage.js
D:\dev\web-projects\JoditEditorNetCore\JoditEditorNetCore\wwwroot\lib\jodit-3.3.8\src\modules\storage\storage.js.map
D:\dev\web-projects\JoditEditorNetCore\JoditEditorNetCore\wwwroot\lib\jodit-3.3.8\src\modules\storage\index.js
D:\dev\web-projects\JoditEditorNetCore\JoditEditorNetCore\wwwroot\lib\jodit-3.3.8\src\modules\storage\index.js.map
D:\dev\web-projects\JoditEditorNetCore\JoditEditorNetCore\wwwroot\lib\jodit-3.3.8\src\modules\view\view.js
D:\dev\web-projects\JoditEditorNetCore\JoditEditorNetCore\wwwroot\lib\jodit-3.3.8\src\modules\view\view.js.map
D:\dev\web-projects\JoditEditorNetCore\JoditEditorNetCore\wwwroot\lib\jodit-3.3.8\src\modules\toolbar\icon.js
D:\dev\web-projects\JoditEditorNetCore\JoditEditorNetCore\wwwroot\lib\jodit-3.3.8\src\modules\toolbar\icon.js.map
D:\dev\web-projects\JoditEditorNetCore\JoditEditorNetCore\wwwroot\lib\jodit-3.3.8\src\modules\toolbar\element.js
D:\dev\web-projects\JoditEditorNetCore\JoditEditorNetCore\wwwroot\lib\jodit-3.3.8\src\modules\toolbar\element.js.map
D:\dev\web-projects\JoditEditorNetCore\JoditEditorNetCore\wwwroot\lib\jodit-3.3.8\src\modules\toolbar\break.js
D:\dev\web-projects\JoditEditorNetCore\JoditEditorNetCore\wwwroot\lib\jodit-3.3.8\src\modules\toolbar\break.js.map
D:\dev\web-projects\JoditEditorNetCore\JoditEditorNetCore\wwwroot\lib\jodit-3.3.8\src\modules\popup\popup.js
D:\dev\web-projects\JoditEditorNetCore\JoditEditorNetCore\wwwroot\lib\jodit-3.3.8\src\modules\popup\popup.js.map
D:\dev\web-projects\JoditEditorNetCore\JoditEditorNetCore\wwwroot\lib\jodit-3.3.8\src\modules\popup\list.js
D:\dev\web-projects\JoditEditorNetCore\JoditEditorNetCore\wwwroot\lib\jodit-3.3.8\src\modules\popup\list.js.map
D:\dev\web-projects\JoditEditorNetCore\JoditEditorNetCore\wwwroot\lib\jodit-3.3.8\src\modules\toolbar\tooltip.js
D:\dev\web-projects\JoditEditorNetCore\JoditEditorNetCore\wwwroot\lib\jodit-3.3.8\src\modules\toolbar\tooltip.js.map
D:\dev\web-projects\JoditEditorNetCore\JoditEditorNetCore\wwwroot\lib\jodit-3.3.8\src\modules\toolbar\button.js
D:\dev\web-projects\JoditEditorNetCore\JoditEditorNetCore\wwwroot\lib\jodit-3.3.8\src\modules\toolbar\button.js.map
D:\dev\web-projects\JoditEditorNetCore\JoditEditorNetCore\wwwroot\lib\jodit-3.3.8\src\modules\toolbar\separator.js
D:\dev\web-projects\JoditEditorNetCore\JoditEditorNetCore\wwwroot\lib\jodit-3.3.8\src\modules\toolbar\separator.js.map
D:\dev\web-projects\JoditEditorNetCore\JoditEditorNetCore\wwwroot\lib\jodit-3.3.8\src\modules\toolbar\collection.js
D:\dev\web-projects\JoditEditorNetCore\JoditEditorNetCore\wwwroot\lib\jodit-3.3.8\src\modules\toolbar\collection.js.map
D:\dev\web-projects\JoditEditorNetCore\JoditEditorNetCore\wwwroot\lib\jodit-3.3.8\src\modules\toolbar\joditToolbarCollection.js
D:\dev\web-projects\JoditEditorNetCore\JoditEditorNetCore\wwwroot\lib\jodit-3.3.8\src\modules\toolbar\joditToolbarCollection.js.map
D:\dev\web-projects\JoditEditorNetCore\JoditEditorNetCore\wwwroot\lib\jodit-3.3.8\src\plugins\add-new-line.js
D:\dev\web-projects\JoditEditorNetCore\JoditEditorNetCore\wwwroot\lib\jodit-3.3.8\src\plugins\add-new-line.js.map
D:\dev\web-projects\JoditEditorNetCore\JoditEditorNetCore\wwwroot\lib\jodit-3.3.8\src\plugins\autofocus.js
D:\dev\web-projects\JoditEditorNetCore\JoditEditorNetCore\wwwroot\lib\jodit-3.3.8\src\plugins\autofocus.js.map
D:\dev\web-projects\JoditEditorNetCore\JoditEditorNetCore\wwwroot\lib\jodit-3.3.8\src\plugins\backspace.js
D:\dev\web-projects\JoditEditorNetCore\JoditEditorNetCore\wwwroot\lib\jodit-3.3.8\src\plugins\backspace.js.map
D:\dev\web-projects\JoditEditorNetCore\JoditEditorNetCore\wwwroot\lib\jodit-3.3.8\src\plugins\bold.js
D:\dev\web-projects\JoditEditorNetCore\JoditEditorNetCore\wwwroot\lib\jodit-3.3.8\src\plugins\bold.js.map
D:\dev\web-projects\JoditEditorNetCore\JoditEditorNetCore\wwwroot\lib\jodit-3.3.8\src\plugins\clean-html.js
D:\dev\web-projects\JoditEditorNetCore\JoditEditorNetCore\wwwroot\lib\jodit-3.3.8\src\plugins\clean-html.js.map
D:\dev\web-projects\JoditEditorNetCore\JoditEditorNetCore\wwwroot\lib\jodit-3.3.8\src\modules\helpers\html\nl2br.js
D:\dev\web-projects\JoditEditorNetCore\JoditEditorNetCore\wwwroot\lib\jodit-3.3.8\src\modules\helpers\html\nl2br.js.map
D:\dev\web-projects\JoditEditorNetCore\JoditEditorNetCore\wwwroot\lib\jodit-3.3.8\src\plugins\clipboard\paste.js
D:\dev\web-projects\JoditEditorNetCore\JoditEditorNetCore\wwwroot\lib\jodit-3.3.8\src\plugins\clipboard\paste.js.map
D:\dev\web-projects\JoditEditorNetCore\JoditEditorNetCore\wwwroot\lib\jodit-3.3.8\src\plugins\clipboard\cut.js
D:\dev\web-projects\JoditEditorNetCore\JoditEditorNetCore\wwwroot\lib\jodit-3.3.8\src\plugins\clipboard\cut.js.map
D:\dev\web-projects\JoditEditorNetCore\JoditEditorNetCore\wwwroot\lib\jodit-3.3.8\src\modules\Plugin.js
D:\dev\web-projects\JoditEditorNetCore\JoditEditorNetCore\wwwroot\lib\jodit-3.3.8\src\modules\Plugin.js.map
D:\dev\web-projects\JoditEditorNetCore\JoditEditorNetCore\wwwroot\lib\jodit-3.3.8\src\plugins\clipboard\paste-storage.js
D:\dev\web-projects\JoditEditorNetCore\JoditEditorNetCore\wwwroot\lib\jodit-3.3.8\src\plugins\clipboard\paste-storage.js.map
D:\dev\web-projects\JoditEditorNetCore\JoditEditorNetCore\wwwroot\lib\jodit-3.3.8\src\plugins\clipboard\copyformat.js
D:\dev\web-projects\JoditEditorNetCore\JoditEditorNetCore\wwwroot\lib\jodit-3.3.8\src\plugins\clipboard\copyformat.js.map
D:\dev\web-projects\JoditEditorNetCore\JoditEditorNetCore\wwwroot\lib\jodit-3.3.8\src\plugins\clipboard\index.js
D:\dev\web-projects\JoditEditorNetCore\JoditEditorNetCore\wwwroot\lib\jodit-3.3.8\src\plugins\clipboard\index.js.map
D:\dev\web-projects\JoditEditorNetCore\JoditEditorNetCore\wwwroot\lib\jodit-3.3.8\src\modules\Widget.js
D:\dev\web-projects\JoditEditorNetCore\JoditEditorNetCore\wwwroot\lib\jodit-3.3.8\src\modules\Widget.js.map
D:\dev\web-projects\JoditEditorNetCore\JoditEditorNetCore\wwwroot\lib\jodit-3.3.8\src\plugins\color.js
D:\dev\web-projects\JoditEditorNetCore\JoditEditorNetCore\wwwroot\lib\jodit-3.3.8\src\plugins\color.js.map
D:\dev\web-projects\JoditEditorNetCore\JoditEditorNetCore\wwwroot\lib\jodit-3.3.8\src\plugins\drag-and-drop.js
D:\dev\web-projects\JoditEditorNetCore\JoditEditorNetCore\wwwroot\lib\jodit-3.3.8\src\plugins\drag-and-drop.js.map
D:\dev\web-projects\JoditEditorNetCore\JoditEditorNetCore\wwwroot\lib\jodit-3.3.8\src\plugins\drag-and-drop-element.js
D:\dev\web-projects\JoditEditorNetCore\JoditEditorNetCore\wwwroot\lib\jodit-3.3.8\src\plugins\drag-and-drop-element.js.map
D:\dev\web-projects\JoditEditorNetCore\JoditEditorNetCore\wwwroot\lib\jodit-3.3.8\src\plugins\enter.js
D:\dev\web-projects\JoditEditorNetCore\JoditEditorNetCore\wwwroot\lib\jodit-3.3.8\src\plugins\enter.js.map
D:\dev\web-projects\JoditEditorNetCore\JoditEditorNetCore\wwwroot\lib\jodit-3.3.8\src\plugins\error-messages.js
D:\dev\web-projects\JoditEditorNetCore\JoditEditorNetCore\wwwroot\lib\jodit-3.3.8\src\plugins\error-messages.js.map
D:\dev\web-projects\JoditEditorNetCore\JoditEditorNetCore\wwwroot\lib\jodit-3.3.8\src\plugins\font.js
D:\dev\web-projects\JoditEditorNetCore\JoditEditorNetCore\wwwroot\lib\jodit-3.3.8\src\plugins\font.js.map
D:\dev\web-projects\JoditEditorNetCore\JoditEditorNetCore\wwwroot\lib\jodit-3.3.8\src\plugins\format-block.js
D:\dev\web-projects\JoditEditorNetCore\JoditEditorNetCore\wwwroot\lib\jodit-3.3.8\src\plugins\format-block.js.map
D:\dev\web-projects\JoditEditorNetCore\JoditEditorNetCore\wwwroot\lib\jodit-3.3.8\src\plugins\fullsize.js
D:\dev\web-projects\JoditEditorNetCore\JoditEditorNetCore\wwwroot\lib\jodit-3.3.8\src\plugins\fullsize.js.map
D:\dev\web-projects\JoditEditorNetCore\JoditEditorNetCore\wwwroot\lib\jodit-3.3.8\src\plugins\hotkeys.js
D:\dev\web-projects\JoditEditorNetCore\JoditEditorNetCore\wwwroot\lib\jodit-3.3.8\src\plugins\hotkeys.js.map
D:\dev\web-projects\JoditEditorNetCore\JoditEditorNetCore\wwwroot\lib\jodit-3.3.8\src\plugins\iframe.js
D:\dev\web-projects\JoditEditorNetCore\JoditEditorNetCore\wwwroot\lib\jodit-3.3.8\src\plugins\iframe.js.map
D:\dev\web-projects\JoditEditorNetCore\JoditEditorNetCore\wwwroot\lib\jodit-3.3.8\src\plugins\image-processor.js
D:\dev\web-projects\JoditEditorNetCore\JoditEditorNetCore\wwwroot\lib\jodit-3.3.8\src\plugins\image-processor.js.map
D:\dev\web-projects\JoditEditorNetCore\JoditEditorNetCore\wwwroot\lib\jodit-3.3.8\src\plugins\image-properties.js
D:\dev\web-projects\JoditEditorNetCore\JoditEditorNetCore\wwwroot\lib\jodit-3.3.8\src\plugins\image-properties.js.map
D:\dev\web-projects\JoditEditorNetCore\JoditEditorNetCore\wwwroot\lib\jodit-3.3.8\src\plugins\indent.js
D:\dev\web-projects\JoditEditorNetCore\JoditEditorNetCore\wwwroot\lib\jodit-3.3.8\src\plugins\indent.js.map
D:\dev\web-projects\JoditEditorNetCore\JoditEditorNetCore\wwwroot\lib\jodit-3.3.8\src\modules\Table.js
D:\dev\web-projects\JoditEditorNetCore\JoditEditorNetCore\wwwroot\lib\jodit-3.3.8\src\modules\Table.js.map
D:\dev\web-projects\JoditEditorNetCore\JoditEditorNetCore\wwwroot\lib\jodit-3.3.8\src\modules\Ajax.js
D:\dev\web-projects\JoditEditorNetCore\JoditEditorNetCore\wwwroot\lib\jodit-3.3.8\src\modules\Ajax.js.map
D:\dev\web-projects\JoditEditorNetCore\JoditEditorNetCore\wwwroot\lib\jodit-3.3.8\src\modules\ContextMenu.js
D:\dev\web-projects\JoditEditorNetCore\JoditEditorNetCore\wwwroot\lib\jodit-3.3.8\src\modules\ContextMenu.js.map
D:\dev\web-projects\JoditEditorNetCore\JoditEditorNetCore\wwwroot\lib\jodit-3.3.8\src\modules\dialog\confirm.js
D:\dev\web-projects\JoditEditorNetCore\JoditEditorNetCore\wwwroot\lib\jodit-3.3.8\src\modules\dialog\confirm.js.map
D:\dev\web-projects\JoditEditorNetCore\JoditEditorNetCore\wwwroot\lib\jodit-3.3.8\src\modules\dialog\promt.js
D:\dev\web-projects\JoditEditorNetCore\JoditEditorNetCore\wwwroot\lib\jodit-3.3.8\src\modules\dialog\promt.js.map
D:\dev\web-projects\JoditEditorNetCore\JoditEditorNetCore\wwwroot\lib\jodit-3.3.8\src\modules\ImageEditor.js
D:\dev\web-projects\JoditEditorNetCore\JoditEditorNetCore\wwwroot\lib\jodit-3.3.8\src\modules\ImageEditor.js.map
D:\dev\web-projects\JoditEditorNetCore\JoditEditorNetCore\wwwroot\lib\jodit-3.3.8\src\modules\view\viewWithToolbar.js
D:\dev\web-projects\JoditEditorNetCore\JoditEditorNetCore\wwwroot\lib\jodit-3.3.8\src\modules\view\viewWithToolbar.js.map
D:\dev\web-projects\JoditEditorNetCore\JoditEditorNetCore\wwwroot\lib\jodit-3.3.8\src\modules\filebrowser\consts.js
D:\dev\web-projects\JoditEditorNetCore\JoditEditorNetCore\wwwroot\lib\jodit-3.3.8\src\modules\filebrowser\consts.js.map
D:\dev\web-projects\JoditEditorNetCore\JoditEditorNetCore\wwwroot\lib\jodit-3.3.8\src\modules\filebrowser\config.js
D:\dev\web-projects\JoditEditorNetCore\JoditEditorNetCore\wwwroot\lib\jodit-3.3.8\src\modules\filebrowser\config.js.map
D:\dev\web-projects\JoditEditorNetCore\JoditEditorNetCore\wwwroot\lib\jodit-3.3.8\src\modules\filebrowser\dataProvider.js
D:\dev\web-projects\JoditEditorNetCore\JoditEditorNetCore\wwwroot\lib\jodit-3.3.8\src\modules\filebrowser\dataProvider.js.map
D:\dev\web-projects\JoditEditorNetCore\JoditEditorNetCore\wwwroot\lib\jodit-3.3.8\src\modules\filebrowser\builders\contextMenu.js
D:\dev\web-projects\JoditEditorNetCore\JoditEditorNetCore\wwwroot\lib\jodit-3.3.8\src\modules\filebrowser\builders\contextMenu.js.map
D:\dev\web-projects\JoditEditorNetCore\JoditEditorNetCore\wwwroot\lib\jodit-3.3.8\src\modules\events\observeObject.js
D:\dev\web-projects\JoditEditorNetCore\JoditEditorNetCore\wwwroot\lib\jodit-3.3.8\src\modules\events\observeObject.js.map
D:\dev\web-projects\JoditEditorNetCore\JoditEditorNetCore\wwwroot\lib\jodit-3.3.8\src\modules\filebrowser\builders\item.js
D:\dev\web-projects\JoditEditorNetCore\JoditEditorNetCore\wwwroot\lib\jodit-3.3.8\src\modules\filebrowser\builders\item.js.map
D:\dev\web-projects\JoditEditorNetCore\JoditEditorNetCore\wwwroot\lib\jodit-3.3.8\src\modules\filebrowser\fileBrowser.js
D:\dev\web-projects\JoditEditorNetCore\JoditEditorNetCore\wwwroot\lib\jodit-3.3.8\src\modules\filebrowser\fileBrowser.js.map
D:\dev\web-projects\JoditEditorNetCore\JoditEditorNetCore\wwwroot\lib\jodit-3.3.8\src\modules\Uploader.js
D:\dev\web-projects\JoditEditorNetCore\JoditEditorNetCore\wwwroot\lib\jodit-3.3.8\src\modules\Uploader.js.map
D:\dev\web-projects\JoditEditorNetCore\JoditEditorNetCore\wwwroot\lib\jodit-3.3.8\src\modules\PluginSystem.js
D:\dev\web-projects\JoditEditorNetCore\JoditEditorNetCore\wwwroot\lib\jodit-3.3.8\src\modules\PluginSystem.js.map
D:\dev\web-projects\JoditEditorNetCore\JoditEditorNetCore\wwwroot\lib\jodit-3.3.8\src\modules\index.js
D:\dev\web-projects\JoditEditorNetCore\JoditEditorNetCore\wwwroot\lib\jodit-3.3.8\src\modules\index.js.map
D:\dev\web-projects\JoditEditorNetCore\JoditEditorNetCore\wwwroot\lib\jodit-3.3.8\src\plugins\inline-popup.js
D:\dev\web-projects\JoditEditorNetCore\JoditEditorNetCore\wwwroot\lib\jodit-3.3.8\src\plugins\inline-popup.js.map
D:\dev\web-projects\JoditEditorNetCore\JoditEditorNetCore\wwwroot\lib\jodit-3.3.8\src\plugins\justify.js
D:\dev\web-projects\JoditEditorNetCore\JoditEditorNetCore\wwwroot\lib\jodit-3.3.8\src\plugins\justify.js.map
D:\dev\web-projects\JoditEditorNetCore\JoditEditorNetCore\wwwroot\lib\jodit-3.3.8\src\plugins\limit.js
D:\dev\web-projects\JoditEditorNetCore\JoditEditorNetCore\wwwroot\lib\jodit-3.3.8\src\plugins\limit.js.map
D:\dev\web-projects\JoditEditorNetCore\JoditEditorNetCore\wwwroot\lib\jodit-3.3.8\src\plugins\link.js
D:\dev\web-projects\JoditEditorNetCore\JoditEditorNetCore\wwwroot\lib\jodit-3.3.8\src\plugins\link.js.map
D:\dev\web-projects\JoditEditorNetCore\JoditEditorNetCore\wwwroot\lib\jodit-3.3.8\src\plugins\media.js
D:\dev\web-projects\JoditEditorNetCore\JoditEditorNetCore\wwwroot\lib\jodit-3.3.8\src\plugins\media.js.map
D:\dev\web-projects\JoditEditorNetCore\JoditEditorNetCore\wwwroot\lib\jodit-3.3.8\src\plugins\mobile.js
D:\dev\web-projects\JoditEditorNetCore\JoditEditorNetCore\wwwroot\lib\jodit-3.3.8\src\plugins\mobile.js.map
D:\dev\web-projects\JoditEditorNetCore\JoditEditorNetCore\wwwroot\lib\jodit-3.3.8\src\plugins\orderedlist.js
D:\dev\web-projects\JoditEditorNetCore\JoditEditorNetCore\wwwroot\lib\jodit-3.3.8\src\plugins\orderedlist.js.map
D:\dev\web-projects\JoditEditorNetCore\JoditEditorNetCore\wwwroot\lib\jodit-3.3.8\src\plugins\placeholder.js
D:\dev\web-projects\JoditEditorNetCore\JoditEditorNetCore\wwwroot\lib\jodit-3.3.8\src\plugins\placeholder.js.map
D:\dev\web-projects\JoditEditorNetCore\JoditEditorNetCore\wwwroot\lib\jodit-3.3.8\src\plugins\redoundo.js
D:\dev\web-projects\JoditEditorNetCore\JoditEditorNetCore\wwwroot\lib\jodit-3.3.8\src\plugins\redoundo.js.map
D:\dev\web-projects\JoditEditorNetCore\JoditEditorNetCore\wwwroot\lib\jodit-3.3.8\src\plugins\resizer.js
D:\dev\web-projects\JoditEditorNetCore\JoditEditorNetCore\wwwroot\lib\jodit-3.3.8\src\plugins\resizer.js.map
D:\dev\web-projects\JoditEditorNetCore\JoditEditorNetCore\wwwroot\lib\jodit-3.3.8\src\plugins\search.js
D:\dev\web-projects\JoditEditorNetCore\JoditEditorNetCore\wwwroot\lib\jodit-3.3.8\src\plugins\search.js.map
D:\dev\web-projects\JoditEditorNetCore\JoditEditorNetCore\wwwroot\lib\jodit-3.3.8\src\plugins\size.js
D:\dev\web-projects\JoditEditorNetCore\JoditEditorNetCore\wwwroot\lib\jodit-3.3.8\src\plugins\size.js.map
D:\dev\web-projects\JoditEditorNetCore\JoditEditorNetCore\wwwroot\lib\jodit-3.3.8\src\plugins\source.js
D:\dev\web-projects\JoditEditorNetCore\JoditEditorNetCore\wwwroot\lib\jodit-3.3.8\src\plugins\source.js.map
D:\dev\web-projects\JoditEditorNetCore\JoditEditorNetCore\wwwroot\lib\jodit-3.3.8\src\plugins\stat.js
D:\dev\web-projects\JoditEditorNetCore\JoditEditorNetCore\wwwroot\lib\jodit-3.3.8\src\plugins\stat.js.map
D:\dev\web-projects\JoditEditorNetCore\JoditEditorNetCore\wwwroot\lib\jodit-3.3.8\src\plugins\sticky.js
D:\dev\web-projects\JoditEditorNetCore\JoditEditorNetCore\wwwroot\lib\jodit-3.3.8\src\plugins\sticky.js.map
D:\dev\web-projects\JoditEditorNetCore\JoditEditorNetCore\wwwroot\lib\jodit-3.3.8\src\plugins\symbols.js
D:\dev\web-projects\JoditEditorNetCore\JoditEditorNetCore\wwwroot\lib\jodit-3.3.8\src\plugins\symbols.js.map
D:\dev\web-projects\JoditEditorNetCore\JoditEditorNetCore\wwwroot\lib\jodit-3.3.8\src\plugins\table-keyboard-navigation.js
D:\dev\web-projects\JoditEditorNetCore\JoditEditorNetCore\wwwroot\lib\jodit-3.3.8\src\plugins\table-keyboard-navigation.js.map
D:\dev\web-projects\JoditEditorNetCore\JoditEditorNetCore\wwwroot\lib\jodit-3.3.8\src\plugins\table.js
D:\dev\web-projects\JoditEditorNetCore\JoditEditorNetCore\wwwroot\lib\jodit-3.3.8\src\plugins\table.js.map
D:\dev\web-projects\JoditEditorNetCore\JoditEditorNetCore\wwwroot\lib\jodit-3.3.8\src\plugins\xpath.js
D:\dev\web-projects\JoditEditorNetCore\JoditEditorNetCore\wwwroot\lib\jodit-3.3.8\src\plugins\xpath.js.map
D:\dev\web-projects\JoditEditorNetCore\JoditEditorNetCore\wwwroot\lib\jodit-3.3.8\src\plugins\index.js
D:\dev\web-projects\JoditEditorNetCore\JoditEditorNetCore\wwwroot\lib\jodit-3.3.8\src\plugins\index.js.map
D:\dev\web-projects\JoditEditorNetCore\JoditEditorNetCore\wwwroot\lib\jodit-3.3.8\src\modules\dialog\dialog.js
D:\dev\web-projects\JoditEditorNetCore\JoditEditorNetCore\wwwroot\lib\jodit-3.3.8\src\modules\dialog\dialog.js.map
D:\dev\web-projects\JoditEditorNetCore\JoditEditorNetCore\wwwroot\lib\jodit-3.3.8\src\modules\dialog\alert.js
D:\dev\web-projects\JoditEditorNetCore\JoditEditorNetCore\wwwroot\lib\jodit-3.3.8\src\modules\dialog\alert.js.map
D:\dev\web-projects\JoditEditorNetCore\JoditEditorNetCore\wwwroot\lib\jodit-3.3.8\src\modules\dialog\index.js
D:\dev\web-projects\JoditEditorNetCore\JoditEditorNetCore\wwwroot\lib\jodit-3.3.8\src\modules\dialog\index.js.map
D:\dev\web-projects\JoditEditorNetCore\JoditEditorNetCore\wwwroot\lib\jodit-3.3.8\src\types\storage.js
D:\dev\web-projects\JoditEditorNetCore\JoditEditorNetCore\wwwroot\lib\jodit-3.3.8\src\types\storage.js.map
D:\dev\web-projects\JoditEditorNetCore\JoditEditorNetCore\wwwroot\lib\jodit-3.3.8\src\constants.js
D:\dev\web-projects\JoditEditorNetCore\JoditEditorNetCore\wwwroot\lib\jodit-3.3.8\src\constants.js.map
D:\dev\web-projects\JoditEditorNetCore\JoditEditorNetCore\wwwroot\lib\jodit-3.3.8\src\Config.js
D:\dev\web-projects\JoditEditorNetCore\JoditEditorNetCore\wwwroot\lib\jodit-3.3.8\src\Config.js.map
D:\dev\web-projects\JoditEditorNetCore\JoditEditorNetCore\wwwroot\lib\jodit-3.3.8\src\modules\StatusBar.js
D:\dev\web-projects\JoditEditorNetCore\JoditEditorNetCore\wwwroot\lib\jodit-3.3.8\src\modules\StatusBar.js.map
D:\dev\web-projects\JoditEditorNetCore\JoditEditorNetCore\wwwroot\lib\jodit-3.3.8\src\Jodit.js
D:\dev\web-projects\JoditEditorNetCore\JoditEditorNetCore\wwwroot\lib\jodit-3.3.8\src\Jodit.js.map
D:\dev\web-projects\JoditEditorNetCore\JoditEditorNetCore\wwwroot\lib\jodit-3.3.8\plugins\example\example.js
D:\dev\web-projects\JoditEditorNetCore\JoditEditorNetCore\wwwroot\lib\jodit-3.3.8\plugins\example\example.js.map
D:\dev\web-projects\JoditEditorNetCore\JoditEditorNetCore\wwwroot\lib\jodit-3.3.8\src\langs\ar.js
D:\dev\web-projects\JoditEditorNetCore\JoditEditorNetCore\wwwroot\lib\jodit-3.3.8\src\langs\ar.js.map
D:\dev\web-projects\JoditEditorNetCore\JoditEditorNetCore\wwwroot\lib\jodit-3.3.8\src\langs\cs_cz.js
D:\dev\web-projects\JoditEditorNetCore\JoditEditorNetCore\wwwroot\lib\jodit-3.3.8\src\langs\cs_cz.js.map
D:\dev\web-projects\JoditEditorNetCore\JoditEditorNetCore\wwwroot\lib\jodit-3.3.8\src\langs\de.js
D:\dev\web-projects\JoditEditorNetCore\JoditEditorNetCore\wwwroot\lib\jodit-3.3.8\src\langs\de.js.map
D:\dev\web-projects\JoditEditorNetCore\JoditEditorNetCore\wwwroot\lib\jodit-3.3.8\src\langs\en.js
D:\dev\web-projects\JoditEditorNetCore\JoditEditorNetCore\wwwroot\lib\jodit-3.3.8\src\langs\en.js.map
D:\dev\web-projects\JoditEditorNetCore\JoditEditorNetCore\wwwroot\lib\jodit-3.3.8\src\langs\es.js
D:\dev\web-projects\JoditEditorNetCore\JoditEditorNetCore\wwwroot\lib\jodit-3.3.8\src\langs\es.js.map
D:\dev\web-projects\JoditEditorNetCore\JoditEditorNetCore\wwwroot\lib\jodit-3.3.8\src\langs\fr.js
D:\dev\web-projects\JoditEditorNetCore\JoditEditorNetCore\wwwroot\lib\jodit-3.3.8\src\langs\fr.js.map
D:\dev\web-projects\JoditEditorNetCore\JoditEditorNetCore\wwwroot\lib\jodit-3.3.8\src\langs\he.js
D:\dev\web-projects\JoditEditorNetCore\JoditEditorNetCore\wwwroot\lib\jodit-3.3.8\src\langs\he.js.map
D:\dev\web-projects\JoditEditorNetCore\JoditEditorNetCore\wwwroot\lib\jodit-3.3.8\src\langs\hu.js
D:\dev\web-projects\JoditEditorNetCore\JoditEditorNetCore\wwwroot\lib\jodit-3.3.8\src\langs\hu.js.map
D:\dev\web-projects\JoditEditorNetCore\JoditEditorNetCore\wwwroot\lib\jodit-3.3.8\src\langs\id.js
D:\dev\web-projects\JoditEditorNetCore\JoditEditorNetCore\wwwroot\lib\jodit-3.3.8\src\langs\id.js.map
D:\dev\web-projects\JoditEditorNetCore\JoditEditorNetCore\wwwroot\lib\jodit-3.3.8\src\langs\it.js
D:\dev\web-projects\JoditEditorNetCore\JoditEditorNetCore\wwwroot\lib\jodit-3.3.8\src\langs\it.js.map
D:\dev\web-projects\JoditEditorNetCore\JoditEditorNetCore\wwwroot\lib\jodit-3.3.8\src\langs\nl.js
D:\dev\web-projects\JoditEditorNetCore\JoditEditorNetCore\wwwroot\lib\jodit-3.3.8\src\langs\nl.js.map
D:\dev\web-projects\JoditEditorNetCore\JoditEditorNetCore\wwwroot\lib\jodit-3.3.8\src\langs\pl.js
D:\dev\web-projects\JoditEditorNetCore\JoditEditorNetCore\wwwroot\lib\jodit-3.3.8\src\langs\pl.js.map
D:\dev\web-projects\JoditEditorNetCore\JoditEditorNetCore\wwwroot\lib\jodit-3.3.8\src\langs\pt_br.js
D:\dev\web-projects\JoditEditorNetCore\JoditEditorNetCore\wwwroot\lib\jodit-3.3.8\src\langs\pt_br.js.map
D:\dev\web-projects\JoditEditorNetCore\JoditEditorNetCore\wwwroot\lib\jodit-3.3.8\src\langs\ru.js
D:\dev\web-projects\JoditEditorNetCore\JoditEditorNetCore\wwwroot\lib\jodit-3.3.8\src\langs\ru.js.map
D:\dev\web-projects\JoditEditorNetCore\JoditEditorNetCore\wwwroot\lib\jodit-3.3.8\src\langs\tr.js
D:\dev\web-projects\JoditEditorNetCore\JoditEditorNetCore\wwwroot\lib\jodit-3.3.8\src\langs\tr.js.map
D:\dev\web-projects\JoditEditorNetCore\JoditEditorNetCore\wwwroot\lib\jodit-3.3.8\src\langs\zh_cn.js
D:\dev\web-projects\JoditEditorNetCore\JoditEditorNetCore\wwwroot\lib\jodit-3.3.8\src\langs\zh_cn.js.map
D:\dev\web-projects\JoditEditorNetCore\JoditEditorNetCore\wwwroot\lib\jodit-3.3.8\src\langs\zh_tw.js
D:\dev\web-projects\JoditEditorNetCore\JoditEditorNetCore\wwwroot\lib\jodit-3.3.8\src\langs\zh_tw.js.map
D:\dev\web-projects\JoditEditorNetCore\JoditEditorNetCore\wwwroot\lib\jodit-3.3.8\src\langs\index.js
D:\dev\web-projects\JoditEditorNetCore\JoditEditorNetCore\wwwroot\lib\jodit-3.3.8\src\langs\index.js.map
D:\dev\web-projects\JoditEditorNetCore\JoditEditorNetCore\wwwroot\lib\jodit-3.3.8\src\styles\icons\index.js
D:\dev\web-projects\JoditEditorNetCore\JoditEditorNetCore\wwwroot\lib\jodit-3.3.8\src\styles\icons\index.js.map
D:\dev\web-projects\JoditEditorNetCore\JoditEditorNetCore\wwwroot\lib\jodit-3.3.8\src\index.js
D:\dev\web-projects\JoditEditorNetCore\JoditEditorNetCore\wwwroot\lib\jodit-3.3.8\src\index.js.map
D:\dev\web-projects\JoditEditorNetCore\JoditEditorNetCore\wwwroot\lib\jodit-3.3.8\src\polyfills.js
D:\dev\web-projects\JoditEditorNetCore\JoditEditorNetCore\wwwroot\lib\jodit-3.3.8\src\polyfills.js.map
D:\dev\web-projects\JoditEditorNetCore\JoditEditorNetCore\wwwroot\lib\jodit-3.3.8\src\modules\helpers\spy.js
D:\dev\web-projects\JoditEditorNetCore\JoditEditorNetCore\wwwroot\lib\jodit-3.3.8\src\modules\helpers\spy.js.map
